<?xml version="1.0" encoding="UTF-8"?>
<!-- Generated by org.testng.reporters.JUnitReportReporter -->
<testsuite skipped="0" hostname="750eb3017ed2" name="com.newtour.tests.BookFlightsTest" tests="20" failures="0" timestamp="2021-02-21T09:25:48 GMT" time="40.854" errors="0">
  <testcase name="registrationPageTest" time="11.133" classname="com.newtour.tests.BookFlightsTest"/>
  <system-out/>
  <testcase name="registrationConfirmationPageTest" time="0.183" classname="com.newtour.tests.BookFlightsTest"/>
  <system-out/>
  <testcase name="flightsDetailsPageTest" time="1.495" classname="com.newtour.tests.BookFlightsTest"/>
  <system-out/>
  <testcase name="registrationConfirmationPageTest" time="0.195" classname="com.newtour.tests.BookFlightsTest"/>
  <system-out/>
  <testcase name="printConformationPageTest" time="0.279" classname="com.newtour.tests.BookFlightsTest"/>
  <system-out/>
  <testcase name="printConformationPageTest" time="0.360" classname="com.newtour.tests.BookFlightsTest"/>
  <system-out/>
  <testcase name="findFlightsPageTest" time="0.245" classname="com.newtour.tests.BookFlightsTest"/>
  <system-out/>
  <testcase name="printConformationPageTest" time="0.310" classname="com.newtour.tests.BookFlightsTest"/>
  <system-out/>
  <testcase name="flightsDetailsPageTest" time="1.476" classname="com.newtour.tests.BookFlightsTest"/>
  <system-out/>
  <testcase name="findFlightsPageTest" time="0.330" classname="com.newtour.tests.BookFlightsTest"/>
  <system-out/>
  <testcase name="registrationPageTest" time="7.508" classname="com.newtour.tests.BookFlightsTest"/>
  <system-out/>
  <testcase name="printConformationPageTest" time="0.284" classname="com.newtour.tests.BookFlightsTest"/>
  <system-out/>
  <testcase name="findFlightsPageTest" time="0.465" classname="com.newtour.tests.BookFlightsTest"/>
  <system-out/>
  <testcase name="registrationConfirmationPageTest" time="0.177" classname="com.newtour.tests.BookFlightsTest"/>
  <system-out/>
  <testcase name="findFlightsPageTest" time="0.295" classname="com.newtour.tests.BookFlightsTest"/>
  <system-out/>
  <testcase name="registrationConfirmationPageTest" time="0.178" classname="com.newtour.tests.BookFlightsTest"/>
  <system-out/>
  <testcase name="registrationPageTest" time="7.159" classname="com.newtour.tests.BookFlightsTest"/>
  <system-out/>
  <testcase name="registrationPageTest" time="5.773" classname="com.newtour.tests.BookFlightsTest"/>
  <system-out/>
  <testcase name="flightsDetailsPageTest" time="1.552" classname="com.newtour.tests.BookFlightsTest"/>
  <system-out/>
  <testcase name="flightsDetailsPageTest" time="1.457" classname="com.newtour.tests.BookFlightsTest"/>
  <system-out/>
</testsuite> <!-- com.newtour.tests.BookFlightsTest -->
