<?xml version="1.0" encoding="UTF-8"?>
<!-- Generated by org.testng.reporters.JUnitReportReporter -->
<testsuite skipped="0" hostname="85cb6eacc42f" name="com.newtour.tests.BookFlightsTest" tests="20" failures="0" timestamp="2021-02-21T09:25:57 GMT" time="38.888" errors="0">
  <testcase name="flightsDetailsPageTest" time="1.529" classname="com.newtour.tests.BookFlightsTest"/>
  <system-out/>
  <testcase name="printConformationPageTest" time="0.388" classname="com.newtour.tests.BookFlightsTest"/>
  <system-out/>
  <testcase name="registrationConfirmationPageTest" time="0.092" classname="com.newtour.tests.BookFlightsTest"/>
  <system-out/>
  <testcase name="flightsDetailsPageTest" time="1.697" classname="com.newtour.tests.BookFlightsTest"/>
  <system-out/>
  <testcase name="findFlightsPageTest" time="0.566" classname="com.newtour.tests.BookFlightsTest"/>
  <system-out/>
  <testcase name="printConformationPageTest" time="0.434" classname="com.newtour.tests.BookFlightsTest"/>
  <system-out/>
  <testcase name="printConformationPageTest" time="0.428" classname="com.newtour.tests.BookFlightsTest"/>
  <system-out/>
  <testcase name="registrationPageTest" time="8.191" classname="com.newtour.tests.BookFlightsTest"/>
  <system-out/>
  <testcase name="registrationConfirmationPageTest" time="0.182" classname="com.newtour.tests.BookFlightsTest"/>
  <system-out/>
  <testcase name="registrationPageTest" time="7.277" classname="com.newtour.tests.BookFlightsTest"/>
  <system-out/>
  <testcase name="registrationConfirmationPageTest" time="0.107" classname="com.newtour.tests.BookFlightsTest"/>
  <system-out/>
  <testcase name="registrationPageTest" time="5.978" classname="com.newtour.tests.BookFlightsTest"/>
  <system-out/>
  <testcase name="flightsDetailsPageTest" time="1.726" classname="com.newtour.tests.BookFlightsTest"/>
  <system-out/>
  <testcase name="flightsDetailsPageTest" time="1.755" classname="com.newtour.tests.BookFlightsTest"/>
  <system-out/>
  <testcase name="findFlightsPageTest" time="0.589" classname="com.newtour.tests.BookFlightsTest"/>
  <system-out/>
  <testcase name="registrationConfirmationPageTest" time="0.090" classname="com.newtour.tests.BookFlightsTest"/>
  <system-out/>
  <testcase name="printConformationPageTest" time="0.384" classname="com.newtour.tests.BookFlightsTest"/>
  <system-out/>
  <testcase name="findFlightsPageTest" time="0.556" classname="com.newtour.tests.BookFlightsTest"/>
  <system-out/>
  <testcase name="findFlightsPageTest" time="0.715" classname="com.newtour.tests.BookFlightsTest"/>
  <system-out/>
  <testcase name="registrationPageTest" time="6.204" classname="com.newtour.tests.BookFlightsTest"/>
  <system-out/>
</testsuite> <!-- com.newtour.tests.BookFlightsTest -->
