<?xml version="1.0" encoding="UTF-8"?>
<!-- Generated by org.testng.reporters.JUnitReportReporter -->
<testsuite skipped="0" hostname="ET-C02T91MYG8WN.local" name="com.searchmodule.test.SearchTest" tests="2" failures="0" timestamp="2021-02-16T19:05:31 IST" time="10.519" errors="0">
  <testcase name="SearchTest" time="5.508" classname="com.searchmodule.test.SearchTest"/>
  <system-out/>
  <testcase name="SearchTest" time="5.011" classname="com.searchmodule.test.SearchTest"/>
  <system-out/>
</testsuite> <!-- com.searchmodule.test.SearchTest -->
