<?xml version="1.0" encoding="UTF-8"?>
<!-- Generated by org.testng.reporters.JUnitReportReporter -->
<testsuite skipped="0" hostname="ET-C02T91MYG8WN.local" name="com.newtour.tests.BookFlightsTest" tests="20" failures="0" timestamp="2021-02-16T19:06:47 IST" time="47.455" errors="0">
  <testcase name="registrationPageTest" time="8.022" classname="com.newtour.tests.BookFlightsTest"/>
  <system-out/>
  <testcase name="flightsDetailsPageTest" time="1.746" classname="com.newtour.tests.BookFlightsTest"/>
  <system-out/>
  <testcase name="registrationPageTest" time="9.708" classname="com.newtour.tests.BookFlightsTest"/>
  <system-out/>
  <testcase name="registrationConfirmationPageTest" time="0.117" classname="com.newtour.tests.BookFlightsTest"/>
  <system-out/>
  <testcase name="findFlightsPageTest" time="0.610" classname="com.newtour.tests.BookFlightsTest"/>
  <system-out/>
  <testcase name="flightsDetailsPageTest" time="1.745" classname="com.newtour.tests.BookFlightsTest"/>
  <system-out/>
  <testcase name="findFlightsPageTest" time="0.601" classname="com.newtour.tests.BookFlightsTest"/>
  <system-out/>
  <testcase name="printConformationPageTest" time="0.391" classname="com.newtour.tests.BookFlightsTest"/>
  <system-out/>
  <testcase name="registrationConfirmationPageTest" time="0.109" classname="com.newtour.tests.BookFlightsTest"/>
  <system-out/>
  <testcase name="printConformationPageTest" time="0.395" classname="com.newtour.tests.BookFlightsTest"/>
  <system-out/>
  <testcase name="registrationConfirmationPageTest" time="0.121" classname="com.newtour.tests.BookFlightsTest"/>
  <system-out/>
  <testcase name="printConformationPageTest" time="0.397" classname="com.newtour.tests.BookFlightsTest"/>
  <system-out/>
  <testcase name="flightsDetailsPageTest" time="1.786" classname="com.newtour.tests.BookFlightsTest"/>
  <system-out/>
  <testcase name="findFlightsPageTest" time="0.602" classname="com.newtour.tests.BookFlightsTest"/>
  <system-out/>
  <testcase name="registrationPageTest" time="8.674" classname="com.newtour.tests.BookFlightsTest"/>
  <system-out/>
  <testcase name="printConformationPageTest" time="0.382" classname="com.newtour.tests.BookFlightsTest"/>
  <system-out/>
  <testcase name="registrationConfirmationPageTest" time="0.106" classname="com.newtour.tests.BookFlightsTest"/>
  <system-out/>
  <testcase name="findFlightsPageTest" time="0.629" classname="com.newtour.tests.BookFlightsTest"/>
  <system-out/>
  <testcase name="registrationPageTest" time="9.717" classname="com.newtour.tests.BookFlightsTest"/>
  <system-out/>
  <testcase name="flightsDetailsPageTest" time="1.597" classname="com.newtour.tests.BookFlightsTest"/>
  <system-out/>
</testsuite> <!-- com.newtour.tests.BookFlightsTest -->
